<?xml version="1.0" encoding="UTF-8"?>
<testsuite name="dev.homework.demo.LeapTest" tests="9" skipped="0" failures="0" errors="0" timestamp="2025-05-29T15:42:38.197Z" hostname="IF8000610597N1.local" time="0.003">
  <properties/>
  <testcase name="testYearDivBy100NotDivBy3IsNotLeapYear()" classname="dev.homework.demo.LeapTest" time="0.0"/>
  <testcase name="testYearDivBy2NotDivBy4InCommonYear()" classname="dev.homework.demo.LeapTest" time="0.0"/>
  <testcase name="testYearDivBy400InLeapYear()" classname="dev.homework.demo.LeapTest" time="0.0"/>
  <testcase name="testYearNotDivBy4InCommonYear()" classname="dev.homework.demo.LeapTest" time="0.0"/>
  <testcase name="testYearDivBy4NotDivBy100InLeapYear()" classname="dev.homework.demo.LeapTest" time="0.0"/>
  <testcase name="testYearDivBy400NotDivBy125IsLeapYear()" classname="dev.homework.demo.LeapTest" time="0.0"/>
  <testcase name="testYearDivBy100NotDivBy400InCommonYear()" classname="dev.homework.demo.LeapTest" time="0.0"/>
  <testcase name="testYearDivBy200NotDivBy400InCommonYear()" classname="dev.homework.demo.LeapTest" time="0.001"/>
  <testcase name="testYearDivBy4And5InLeapYear()" classname="dev.homework.demo.LeapTest" time="0.0"/>
  <system-out><![CDATA[]]></system-out>
  <system-err><![CDATA[]]></system-err>
</testsuite>
