<?xml version="1.0" encoding="UTF-8"?>
<testsuite name="dev.homework.demo.GreeterTest" tests="1" skipped="0" failures="0" errors="0" timestamp="2025-05-29T15:42:37.213Z" hostname="IF8000610597N1.local" time="0.023">
  <properties/>
  <testcase name="testThatGreeterReturnsTheCorrectGreeting()" classname="dev.homework.demo.GreeterTest" time="0.023"/>
  <system-out><![CDATA[]]></system-out>
  <system-err><![CDATA[]]></system-err>
</testsuite>
