<?xml version="1.0" encoding="UTF-8"?>
<testsuite name="dev.homework.demo.AccumulateTest" tests="5" skipped="0" failures="0" errors="0" timestamp="2025-05-29T16:39:36.773Z" hostname="IF8000610597N1.local" time="0.358">
  <properties/>
  <testcase name="accumulateReversedStrings()" classname="dev.homework.demo.AccumulateTest" time="0.353"/>
  <testcase name="emptyAccumulateProducesEmptyAccumulation()" classname="dev.homework.demo.AccumulateTest" time="0.001"/>
  <testcase name="accumulateWithinAccumulate()" classname="dev.homework.demo.AccumulateTest" time="0.001"/>
  <testcase name="accumulateUpperCases()" classname="dev.homework.demo.AccumulateTest" time="0.001"/>
  <testcase name="accumulateSquares()" classname="dev.homework.demo.AccumulateTest" time="0.001"/>
  <system-out><![CDATA[23:39:36.207 [Test worker] INFO org.springframework.test.context.support.AnnotationConfigContextLoaderUtils -- Could not detect default configuration classes for test class [dev.homework.demo.AccumulateTest]: AccumulateTest does not declare any static, non-private, non-final, nested classes annotated with @Configuration.
23:39:36.258 [Test worker] INFO org.springframework.boot.test.context.SpringBootTestContextBootstrapper -- Found @SpringBootConfiguration dev.homework.demo.DemoApplication for test class dev.homework.demo.AccumulateTest

  .   ____          _            __ _ _
 /\\ / ___'_ __ _ _(_)_ __  __ _ \ \ \ \
( ( )\___ | '_ | '_| | '_ \/ _` | \ \ \ \
 \\/  ___)| |_)| | | | | || (_| |  ) ) ) )
  '  |____| .__|_| |_|_| |_\__, | / / / /
 =========|_|==============|___/=/_/_/_/

 :: Spring Boot ::                (v3.4.5)

2025-05-29T23:39:36.405+07:00  INFO 82693 --- [demo] [    Test worker] dev.homework.demo.AccumulateTest         : Starting AccumulateTest using Java 21.0.7 with PID 82693 (started by n610597 in /Users/n610597/Infinitaskt/Source Code/java/workshop-java-fundamental-homework/hw-springboot)
2025-05-29T23:39:36.405+07:00  INFO 82693 --- [demo] [    Test worker] dev.homework.demo.AccumulateTest         : No active profile set, falling back to 1 default profile: "default"
2025-05-29T23:39:36.769+07:00  INFO 82693 --- [demo] [    Test worker] dev.homework.demo.AccumulateTest         : Started AccumulateTest in 0.464 seconds (process running for 0.946)
]]></system-out>
  <system-err><![CDATA[Mockito is currently self-attaching to enable the inline-mock-maker. This will no longer work in future releases of the JDK. Please add Mockito as an agent to your build what is described in Mockito's documentation: https://javadoc.io/doc/org.mockito/mockito-core/latest/org/mockito/Mockito.html#0.3
WARNING: A Java agent has been loaded dynamically (/Users/n610597/.gradle/caches/modules-2/files-2.1/net.bytebuddy/byte-buddy-agent/1.15.11/a38b16385e867f59a641330f0362ebe742788ed8/byte-buddy-agent-1.15.11.jar)
WARNING: If a serviceability tool is in use, please run with -XX:+EnableDynamicAgentLoading to hide this warning
WARNING: If a serviceability tool is not in use, please run with -Djdk.instrument.traceUsage for more information
WARNING: Dynamic loading of agents will be disallowed by default in a future release
]]></system-err>
</testsuite>
